0 info it worked if it ends with ok
1 verbose cli [ 'E:\\Programs\\NodeJS\\node.exe',
1 verbose cli   'E:\\Programs\\NodeJS\\node_modules\\npm\\bin\\npm-cli.js',
1 verbose cli   'install',
1 verbose cli   'angular-ui-router' ]
2 info using npm@2.14.12
3 info using node@v4.2.4
4 verbose install initial load of F:\My Code\booster\exercise\package.json
5 verbose stack Error: Invalid version: "0.1"
5 verbose stack     at Object.module.exports.fixVersionField (E:\Programs\NodeJS\node_modules\npm\node_modules\normalize-package-data\lib\fixer.js:191:13)
5 verbose stack     at E:\Programs\NodeJS\node_modules\npm\node_modules\normalize-package-data\lib\normalize.js:32:38
5 verbose stack     at Array.forEach (native)
5 verbose stack     at normalize (E:\Programs\NodeJS\node_modules\npm\node_modules\normalize-package-data\lib\normalize.js:31:15)
5 verbose stack     at final (E:\Programs\NodeJS\node_modules\npm\node_modules\read-package-json\read-json.js:338:5)
5 verbose stack     at then (E:\Programs\NodeJS\node_modules\npm\node_modules\read-package-json\read-json.js:113:5)
5 verbose stack     at E:\Programs\NodeJS\node_modules\npm\node_modules\read-package-json\read-json.js:300:12
5 verbose stack     at E:\Programs\NodeJS\node_modules\npm\node_modules\graceful-fs\graceful-fs.js:76:16
5 verbose stack     at FSReqWrap.readFileAfterClose [as oncomplete] (fs.js:380:3)
6 verbose cwd F:\My Code\booster\exercise
7 error Windows_NT 10.0.10586
8 error argv "E:\\Programs\\NodeJS\\node.exe" "E:\\Programs\\NodeJS\\node_modules\\npm\\bin\\npm-cli.js" "install" "angular-ui-router"
9 error node v4.2.4
10 error npm  v2.14.12
11 error Invalid version: "0.1"
12 error If you need help, you may report this error at:
12 error     <https://github.com/npm/npm/issues>
13 verbose exit [ 1, true ]
